Сборка начата 14.02.2023 19:26:28.
Уровень детализации журнала: Normal.     1>Проект "D:\4 семестр\МП\Lab_1.SupportingFunctions\MP_lab_1.SupportingFunctions\MP_lab_1.SupportingFunctions.vcxproj" в узле 2 (целевые объекты Build).
     1>InitializeBuildStatus:
         Создание "Debug\MP_lab_1.791c19fa.tlog\unsuccessfulbuild", так как было задано "AlwaysCreate".
       ClCompile:
         Для всех выходных данных обновления не требуется.
         C:\Program Files (x86)\Microsoft Visual Studio\2019\Professional\VC\Tools\MSVC\14.29.30133\bin\HostX86\x86\CL.exe /c /ZI /JMC /nologo /W3 /WX- /diagnostics:column /sdl /Od /Oy- /D WIN32 /D _DEBUG /D _CONSOLE /D _UNICODE /D UNICODE /Gm- /EHsc /RTC1 /MDd /GS /fp:precise /permissive- /Zc:wchar_t /Zc:forScope /Zc:inline /Yu"pch.h" /Fp"Debug\MP_lab_1.SupportingFunctions.pch" /Fo"Debug\\" /Fd"Debug\vc142.pdb" /external:W3 /Gd /TP /analyze- /FC /errorReport:prompt main.cpp
         main.cpp
       Link:
         C:\Program Files (x86)\Microsoft Visual Studio\2019\Professional\VC\Tools\MSVC\14.29.30133\bin\HostX86\x86\link.exe /ERRORREPORT:PROMPT /OUT:"D:\4 семестр\МП\Lab_1.SupportingFunctions\MP_lab_1.SupportingFunctions\Debug\MP_lab_1.SupportingFunctions.exe" /INCREMENTAL /ILK:"Debug\MP_lab_1.SupportingFunctions.ilk" /NOLOGO kernel32.lib user32.lib gdi32.lib winspool.lib comdlg32.lib advapi32.lib shell32.lib ole32.lib oleaut32.lib uuid.lib odbc32.lib odbccp32.lib /MANIFEST /MANIFESTUAC:"level='asInvoker' uiAccess='false'" /manifest:embed /DEBUG /PDB:"D:\4 семестр\МП\Lab_1.SupportingFunctions\MP_lab_1.SupportingFunctions\Debug\MP_lab_1.SupportingFunctions.pdb" /SUBSYSTEM:CONSOLE /TLBID:1 /DYNAMICBASE /NXCOMPAT /IMPLIB:"D:\4 семестр\МП\Lab_1.SupportingFunctions\MP_lab_1.SupportingFunctions\Debug\MP_lab_1.SupportingFunctions.lib" /MACHINE:X86 Debug\main.obj
         Debug\pch.obj
         Debug\Auxil.obj
         MP_lab_1.SupportingFunctions.vcxproj -> D:\4 семестр\МП\Lab_1.SupportingFunctions\MP_lab_1.SupportingFunctions\Debug\MP_lab_1.SupportingFunctions.exe
       FinalizeBuildStatus:
         Файл "Debug\MP_lab_1.791c19fa.tlog\unsuccessfulbuild" удаляется.
         Обращение к "Debug\MP_lab_1.791c19fa.tlog\MP_lab_1.SupportingFunctions.lastbuildstate".
     1>Сборка проекта "D:\4 семестр\МП\Lab_1.SupportingFunctions\MP_lab_1.SupportingFunctions\MP_lab_1.SupportingFunctions.vcxproj" завершена (целевые объекты Build).

Сборка успешно завершена.
    Предупреждений: 0
    Ошибок: 0

Прошло времени 00:00:00.92
